{
  "RSpec": {
    "coverage": {
      "/home/tronsit/projects/ticketing-portel/app/models/user.rb": {
        "lines": [
          1,
          null,
          null,
          1,
          null,
          null,
          null,
          null,
          null,
          null,
          1,
          null,
          1,
          1,
          null,
          1,
          null,
          1,
          null,
          6,
          4,
          11,
          null,
          59,
          25,
          20,
          24,
          null,
          null
        ]
      },
      "/home/tronsit/projects/ticketing-portel/app/models/application_record.rb": {
        "lines": [
          1,
          1,
          null
        ]
      },
      "/home/tronsit/projects/ticketing-portel/app/helpers/application_helper.rb": {
        "lines": [
          1,
          null
        ]
      },
      "/home/tronsit/projects/ticketing-portel/app/models/hiring_detail.rb": {
        "lines": [
          1,
          1,
          null,
          null,
          1,
          null,
          null,
          null,
          null,
          null,
          null,
          null,
          null,
          1,
          null,
          null,
          null,
          null,
          null,
          null,
          null,
          null,
          1,
          null,
          null,
          null,
          null,
          null,
          null,
          null,
          null,
          null,
          null,
          1,
          null,
          null,
          null,
          null,
          null,
          null,
          null,
          null,
          null,
          1,
          null
        ]
      },
      "/home/tronsit/projects/ticketing-portel/app/models/location.rb": {
        "lines": [
          1,
          1,
          null,
          1,
          1,
          1,
          null,
          5,
          4,
          null
        ]
      },
      "/home/tronsit/projects/ticketing-portel/app/models/team.rb": {
        "lines": [
          1,
          1,
          1,
          1,
          1,
          4,
          null
        ]
      },
      "/home/tronsit/projects/ticketing-portel/app/models/termination_detail.rb": {
        "lines": [
          1,
          1,
          null,
          null,
          1,
          null,
          null,
          null,
          null,
          null,
          null,
          null,
          1,
          null
        ]
      },
      "/home/tronsit/projects/ticketing-portel/app/models/ticket_assignment.rb": {
        "lines": [
          1,
          1,
          1,
          1,
          1,
          null,
          4,
          3,
          null
        ]
      },
      "/home/tronsit/projects/ticketing-portel/app/models/ticket_message.rb": {
        "lines": [
          1,
          null,
          1,
          null,
          1,
          1,
          null,
          1,
          1,
          null,
          3,
          3,
          4,
          null
        ]
      },
      "/home/tronsit/projects/ticketing-portel/app/models/ticket_notification.rb": {
        "lines": [
          1,
          null,
          1,
          null,
          1,
          1,
          1,
          null,
          1,
          null,
          33,
          3,
          3,
          37,
          null,
          1,
          4,
          null,
          null,
          1,
          1,
          null,
          null
        ]
      },
      "/home/tronsit/projects/ticketing-portel/app/models/ticket.rb": {
        "lines": [
          1,
          null,
          1,
          null,
          null,
          1,
          null,
          null,
          null,
          null,
          null,
          null,
          null,
          null,
          null,
          null,
          null,
          null,
          null,
          null,
          null,
          null,
          null,
          null,
          18,
          null,
          null,
          1,
          1,
          1,
          1,
          1,
          1,
          null,
          1,
          1,
          1,
          1,
          1,
          null,
          1,
          null,
          1,
          null,
          null,
          1,
          1,
          1,
          null,
          null,
          1,
          1,
          null,
          null,
          1,
          1,
          null,
          null,
          null,
          9,
          5,
          10,
          2,
          6,
          3,
          12,
          null,
          1,
          3,
          null,
          null,
          null,
          1,
          null,
          1,
          null,
          1,
          158,
          3,
          3,
          155,
          1,
          1,
          154,
          0,
          0,
          154,
          1,
          153,
          0,
          0,
          0,
          null,
          null,
          null,
          1,
          10,
          null,
          null,
          1,
          5,
          null,
          null,
          null
        ]
      },
      "/home/tronsit/projects/ticketing-portel/app/controllers/admin/dashboard_controller.rb": {
        "lines": [
          1,
          1,
          null,
          1,
          1,
          1,
          1,
          1,
          1,
          1,
          1,
          1,
          1,
          1,
          1,
          null,
          null
        ]
      },
      "/home/tronsit/projects/ticketing-portel/app/controllers/application_controller.rb": {
        "lines": [
          1,
          1,
          null,
          1,
          null,
          1,
          null,
          1,
          null,
          null,
          null,
          1,
          14,
          null,
          null,
          1,
          8,
          null,
          null,
          1,
          3,
          null,
          null,
          1,
          0,
          null,
          null,
          1,
          20,
          null,
          20,
          10,
          0,
          0,
          10,
          0,
          null,
          null,
          null,
          1,
          13,
          13,
          null,
          null,
          null,
          null,
          1,
          4,
          1,
          3,
          1,
          2,
          1,
          null,
          1,
          null,
          null,
          null,
          null
        ]
      },
      "/home/tronsit/projects/ticketing-portel/app/controllers/agent/dashboard_controller.rb": {
        "lines": [
          1,
          1,
          1,
          null,
          1,
          2,
          2,
          2,
          2,
          null,
          null
        ]
      },
      "/home/tronsit/projects/ticketing-portel/app/controllers/customer/dashboard_controller.rb": {
        "lines": [
          1,
          1,
          1,
          1,
          1,
          1,
          null,
          null
        ]
      },
      "/home/tronsit/projects/ticketing-portel/app/controllers/customer/wiki_controller.rb": {
        "lines": [
          1,
          1,
          null,
          null
        ]
      },
      "/home/tronsit/projects/ticketing-portel/app/controllers/hiring_details_controller.rb": {
        "lines": [
          1,
          1,
          null,
          1,
          2,
          1,
          1,
          null,
          1,
          null,
          null,
          1,
          2,
          1,
          1,
          null,
          null,
          1,
          null,
          1,
          1,
          null,
          0,
          null,
          null,
          null,
          1,
          null,
          1,
          5,
          5,
          1,
          null,
          null,
          null,
          1,
          1,
          null,
          null,
          null,
          null,
          null,
          null,
          null,
          null
        ]
      },
      "/home/tronsit/projects/ticketing-portel/app/controllers/home_controller.rb": {
        "lines": [
          1,
          1,
          null,
          1,
          5,
          4,
          null,
          1,
          null,
          null,
          null
        ]
      },
      "/home/tronsit/projects/ticketing-portel/app/controllers/manager/dashboard_controller.rb": {
        "lines": [
          1,
          1,
          1,
          null,
          1,
          2,
          2,
          2,
          2,
          null,
          null,
          null
        ]
      },
      "/home/tronsit/projects/ticketing-portel/app/controllers/manager/users_controller.rb": {
        "lines": [
          1,
          1,
          1,
          null,
          1,
          1,
          null,
          null,
          1,
          2,
          null,
          2,
          2,
          null,
          null,
          2,
          1,
          null,
          1,
          1,
          null,
          null,
          null,
          1,
          1,
          1,
          1,
          1,
          1,
          null,
          1,
          null,
          null,
          1,
          null,
          1,
          2,
          null,
          null
        ]
      },
      "/home/tronsit/projects/ticketing-portel/app/controllers/termination_details_controller.rb": {
        "lines": [
          1,
          1,
          null,
          1,
          2,
          1,
          1,
          null,
          1,
          null,
          null,
          1,
          2,
          1,
          1,
          null,
          null,
          1,
          null,
          1,
          1,
          null,
          0,
          null,
          null,
          null,
          1,
          null,
          1,
          5,
          5,
          1,
          null,
          null,
          null,
          1,
          1,
          null,
          null,
          null,
          null,
          null,
          null
        ]
      },
      "/home/tronsit/projects/ticketing-portel/app/controllers/ticket_messages_controller.rb": {
        "lines": [
          1,
          1,
          1,
          null,
          1,
          3,
          2,
          null,
          1,
          null,
          null,
          3,
          3,
          null,
          3,
          null,
          null,
          null,
          null,
          null,
          null,
          null,
          3,
          3,
          null,
          0,
          null,
          null,
          null,
          1,
          null,
          1,
          4,
          null,
          null,
          1,
          4,
          1,
          null,
          null,
          null
        ]
      },
      "/home/tronsit/projects/ticketing-portel/app/controllers/ticket_notifications_controller.rb": {
        "lines": [
          1,
          1,
          1,
          null,
          null,
          1,
          3,
          2,
          2,
          null,
          null,
          1,
          2,
          2,
          null,
          null
        ]
      },
      "/home/tronsit/projects/ticketing-portel/app/controllers/tickets_controller.rb": {
        "lines": [
          1,
          1,
          1,
          1,
          1,
          1,
          null,
          1,
          1,
          null,
          null,
          1,
          4,
          1,
          1,
          1,
          1,
          1,
          1,
          1,
          null,
          3,
          3,
          3,
          3,
          3,
          3,
          null,
          null,
          null,
          1,
          2,
          2,
          2,
          1,
          1,
          null,
          1,
          null,
          null,
          null,
          1,
          1,
          10,
          1,
          1,
          null,
          null,
          1,
          6,
          null,
          6,
          1,
          1,
          null,
          null,
          null,
          1,
          null,
          5,
          null,
          null,
          6,
          5,
          5,
          5,
          2,
          1,
          null,
          1,
          null,
          null,
          3,
          null,
          null,
          10,
          1,
          1,
          null,
          null,
          null,
          1,
          2,
          2,
          null,
          2,
          null,
          null,
          null,
          null,
          null,
          2,
          null,
          null,
          null,
          null,
          null,
          null,
          2,
          2,
          null,
          null,
          1,
          2,
          null,
          null,
          null,
          null,
          null,
          2,
          null,
          null,
          null,
          null,
          null,
          2,
          2,
          null,
          null,
          1,
          3,
          null,
          null,
          null,
          null,
          null,
          3,
          null,
          null,
          1,
          null,
          1,
          14,
          null,
          null,
          null,
          null,
          1,
          4,
          1,
          null,
          null,
          null,
          null,
          null,
          null,
          null,
          null,
          null,
          1,
          4,
          null,
          null,
          null,
          null,
          null,
          null,
          null,
          null,
          1,
          3,
          2,
          null,
          null,
          1,
          4,
          null,
          null,
          1,
          3,
          null,
          null,
          1,
          4,
          null,
          null,
          1,
          null,
          null,
          null,
          1,
          6,
          null,
          null,
          1,
          5,
          0,
          null,
          null
        ]
      },
      "/home/tronsit/projects/ticketing-portel/app/controllers/users_controller.rb": {
        "lines": [
          1,
          1,
          1,
          null,
          1,
          2,
          2,
          2,
          2,
          null,
          null,
          1,
          1,
          1,
          1,
          1,
          1,
          null,
          1,
          null,
          null,
          null,
          1,
          1,
          null,
          null,
          1,
          2,
          2,
          1,
          null,
          1,
          null,
          null,
          null,
          1,
          null,
          1,
          1,
          1,
          null,
          0,
          null,
          null,
          null,
          1,
          1,
          1,
          null,
          null,
          1,
          1,
          1,
          null,
          null,
          1,
          null,
          1,
          4,
          null,
          null,
          1,
          2,
          null,
          null,
          null,
          null,
          null,
          1,
          1,
          null,
          null,
          null,
          null
        ]
      },
      "/home/tronsit/projects/ticketing-portel/app/channels/application_cable/channel.rb": {
        "lines": [
          0,
          0,
          0,
          0
        ],
        "branches": {}
      },
      "/home/tronsit/projects/ticketing-portel/app/channels/application_cable/connection.rb": {
        "lines": [
          0,
          0,
          0,
          0
        ],
        "branches": {}
      },
      "/home/tronsit/projects/ticketing-portel/app/controllers/users/sessions_controller.rb": {
        "lines": [
          null,
          null,
          0,
          0,
          null,
          0,
          0,
          0,
          null,
          0
        ],
        "branches": {}
      },
      "/home/tronsit/projects/ticketing-portel/app/jobs/application_job.rb": {
        "lines": [
          0,
          null,
          null,
          null,
          null,
          null,
          0
        ],
        "branches": {}
      },
      "/home/tronsit/projects/ticketing-portel/app/mailers/application_mailer.rb": {
        "lines": [
          0,
          0,
          0,
          0
        ],
        "branches": {}
      }
    },
    "timestamp": 1783515892
  }
}
