{
  "RSpec": {
    "coverage": {
      "/home/tronsit/projects/ticketing-portel/app/models/user.rb": {
        "lines": [
          1,
          null,
          null,
          1,
          null,
          null,
          null,
          null,
          null,
          null,
          1,
          null,
          1,
          1,
          null,
          1,
          null,
          1,
          null,
          9,
          12,
          36,
          null,
          127,
          197,
          211,
          197,
          null,
          1,
          165,
          null,
          null,
          1,
          3,
          null,
          null,
          null
        ]
      },
      "/home/tronsit/projects/ticketing-portel/app/models/application_record.rb": {
        "lines": [
          1,
          1,
          null
        ]
      },
      "/home/tronsit/projects/ticketing-portel/app/helpers/application_helper.rb": {
        "lines": [
          1,
          null
        ]
      },
      "/home/tronsit/projects/ticketing-portel/app/models/hiring_detail.rb": {
        "lines": [
          1,
          1,
          null,
          null,
          1,
          null,
          null,
          null,
          null,
          null,
          null,
          null,
          null,
          1,
          null,
          null,
          null,
          null,
          null,
          null,
          null,
          null,
          1,
          null,
          null,
          null,
          null,
          null,
          null,
          null,
          null,
          null,
          null,
          null,
          null,
          null,
          null,
          null,
          null,
          null,
          null,
          null,
          null,
          null,
          1,
          null,
          null,
          null,
          null,
          null,
          null,
          null,
          null,
          null,
          null,
          null,
          null,
          null,
          null,
          null,
          null,
          null,
          null,
          null,
          null,
          null,
          null,
          null,
          null,
          1,
          null,
          1,
          null
        ]
      },
      "/home/tronsit/projects/ticketing-portel/app/models/location.rb": {
        "lines": [
          1,
          1,
          null,
          1,
          1,
          1,
          null,
          5,
          9,
          null
        ]
      },
      "/home/tronsit/projects/ticketing-portel/app/models/team.rb": {
        "lines": [
          1,
          1,
          1,
          1,
          1,
          3,
          null
        ]
      },
      "/home/tronsit/projects/ticketing-portel/app/models/termination_detail.rb": {
        "lines": [
          1,
          1,
          null,
          null,
          1,
          null,
          null,
          null,
          null,
          null,
          null,
          null,
          1,
          null
        ]
      },
      "/home/tronsit/projects/ticketing-portel/app/models/ticket_assignment.rb": {
        "lines": [
          1,
          1,
          1,
          1,
          1,
          null,
          7,
          3,
          null
        ]
      },
      "/home/tronsit/projects/ticketing-portel/app/models/ticket_message.rb": {
        "lines": [
          1,
          null,
          1,
          null,
          1,
          1,
          null,
          1,
          1,
          null,
          3,
          3,
          7,
          null,
          1,
          null,
          1,
          null,
          1,
          null,
          1,
          null,
          null,
          null,
          17,
          null,
          17,
          null,
          11,
          null,
          null,
          null,
          null,
          null
        ]
      },
      "/home/tronsit/projects/ticketing-portel/app/models/ticket_notification.rb": {
        "lines": [
          1,
          null,
          1,
          null,
          1,
          1,
          1,
          null,
          1,
          null,
          61,
          3,
          5,
          70,
          null,
          1,
          1,
          null,
          1,
          68,
          null,
          null,
          1,
          1,
          null,
          null,
          1,
          null,
          1,
          138,
          null,
          137,
          null,
          null,
          null,
          137,
          null,
          null,
          1,
          145,
          null,
          null,
          145,
          100,
          null,
          45,
          null,
          null,
          145,
          null,
          null,
          null,
          null,
          145,
          41,
          null,
          null,
          null,
          null,
          null,
          null
        ]
      },
      "/home/tronsit/projects/ticketing-portel/app/models/ticket.rb": {
        "lines": [
          1,
          null,
          1,
          null,
          null,
          1,
          null,
          null,
          null,
          null,
          null,
          null,
          null,
          null,
          null,
          null,
          null,
          null,
          null,
          null,
          null,
          null,
          null,
          null,
          null,
          null,
          null,
          18,
          18,
          null,
          null,
          null,
          null,
          null,
          null,
          1,
          null,
          null,
          1,
          1,
          1,
          1,
          1,
          1,
          null,
          1,
          1,
          1,
          1,
          1,
          null,
          1,
          null,
          1,
          null,
          null,
          1,
          1,
          1,
          null,
          null,
          1,
          1,
          null,
          null,
          1,
          1,
          null,
          null,
          null,
          14,
          8,
          13,
          2,
          21,
          3,
          16,
          1,
          1,
          null,
          1,
          0,
          null,
          null,
          1,
          0,
          null,
          null,
          1,
          9,
          null,
          null,
          1,
          28,
          null,
          null,
          null,
          null,
          1,
          10,
          null,
          5,
          null,
          null,
          null,
          null,
          null,
          5,
          null,
          null,
          null,
          null,
          null,
          null,
          1,
          30,
          null,
          26,
          null,
          null,
          null,
          null,
          null,
          null,
          null,
          1,
          9,
          9,
          null,
          20,
          10,
          null,
          null,
          null,
          null,
          null,
          null,
          null,
          null,
          null,
          1,
          1,
          1,
          null,
          1,
          null,
          1,
          0,
          null,
          null,
          1,
          13,
          null,
          null,
          null,
          null,
          1,
          293,
          null,
          null,
          1,
          28,
          null,
          null,
          1,
          14,
          null,
          null,
          null
        ]
      },
      "/home/tronsit/projects/ticketing-portel/app/controllers/admin/dashboard_controller.rb": {
        "lines": [
          1,
          1,
          null,
          1,
          1,
          1,
          1,
          1,
          1,
          1,
          1,
          1,
          1,
          1,
          1,
          null,
          null
        ]
      },
      "/home/tronsit/projects/ticketing-portel/app/controllers/application_controller.rb": {
        "lines": [
          1,
          1,
          null,
          1,
          null,
          1,
          null,
          1,
          null,
          null,
          null,
          1,
          17,
          null,
          null,
          1,
          27,
          null,
          null,
          1,
          3,
          null,
          null,
          1,
          0,
          null,
          null,
          1,
          32,
          null,
          32,
          14,
          0,
          3,
          15,
          0,
          null,
          null,
          null,
          1,
          17,
          17,
          null,
          null,
          null,
          null,
          1,
          3,
          3,
          null,
          3,
          3,
          3,
          3,
          3,
          null,
          0,
          null,
          3,
          null,
          null,
          null,
          null,
          1,
          5,
          1,
          4,
          1,
          3,
          1,
          null,
          2,
          null,
          null,
          null,
          null
        ]
      },
      "/home/tronsit/projects/ticketing-portel/app/controllers/agent/dashboard_controller.rb": {
        "lines": [
          1,
          1,
          1,
          null,
          1,
          2,
          2,
          2,
          2,
          null,
          null
        ]
      },
      "/home/tronsit/projects/ticketing-portel/app/controllers/customer/dashboard_controller.rb": {
        "lines": [
          1,
          1,
          1,
          1,
          1,
          1,
          null,
          null
        ]
      },
      "/home/tronsit/projects/ticketing-portel/app/controllers/customer/wiki_controller.rb": {
        "lines": [
          1,
          1,
          null,
          null
        ]
      },
      "/home/tronsit/projects/ticketing-portel/app/controllers/hiring_details_controller.rb": {
        "lines": [
          1,
          1,
          1,
          null,
          1,
          2,
          1,
          1,
          null,
          1,
          null,
          null,
          1,
          4,
          1,
          1,
          null,
          null,
          3,
          null,
          3,
          3,
          null,
          0,
          0,
          null,
          null,
          null,
          null,
          null,
          null,
          null,
          1,
          0,
          0,
          null,
          0,
          0,
          null,
          null,
          1,
          3,
          3,
          null,
          3,
          null,
          3,
          3,
          3,
          null,
          3,
          3,
          3,
          null,
          null,
          null,
          3,
          3,
          null,
          0,
          0,
          null,
          null,
          null,
          1,
          0,
          0,
          null,
          null,
          1,
          null,
          1,
          7,
          7,
          1,
          null,
          null,
          null,
          1,
          9,
          null,
          null,
          1,
          3,
          4,
          null,
          null,
          null,
          null,
          null,
          null,
          null,
          null,
          null,
          1,
          6,
          null,
          null,
          null,
          null,
          null,
          null,
          null,
          null,
          null
        ]
      },
      "/home/tronsit/projects/ticketing-portel/app/controllers/tickets_controller.rb": {
        "lines": [
          1,
          1,
          1,
          1,
          1,
          1,
          1,
          null,
          1,
          1,
          1,
          1,
          1,
          null,
          0,
          null,
          null,
          null,
          1,
          9,
          4,
          4,
          4,
          null,
          5,
          5,
          5,
          5,
          5,
          5,
          5,
          5,
          5,
          5,
          5,
          0,
          0,
          0,
          0,
          null,
          0,
          0,
          null,
          null,
          5,
          null,
          null,
          null,
          1,
          5,
          5,
          5,
          1,
          1,
          null,
          4,
          null,
          null,
          null,
          1,
          1,
          10,
          1,
          1,
          null,
          null,
          1,
          13,
          13,
          null,
          13,
          5,
          5,
          5,
          5,
          null,
          null,
          5,
          1,
          null,
          4,
          null,
          null,
          0,
          0,
          0,
          0,
          null,
          8,
          7,
          7,
          7,
          null,
          null,
          null,
          7,
          7,
          null,
          10,
          1,
          1,
          1,
          null,
          null,
          null,
          1,
          5,
          5,
          null,
          5,
          null,
          null,
          null,
          null,
          null,
          5,
          null,
          null,
          null,
          null,
          null,
          null,
          5,
          5,
          null,
          null,
          null,
          5,
          null,
          null,
          1,
          3,
          null,
          null,
          null,
          null,
          null,
          3,
          null,
          null,
          null,
          null,
          null,
          3,
          3,
          null,
          null,
          null,
          3,
          null,
          null,
          1,
          7,
          null,
          null,
          null,
          null,
          null,
          7,
          null,
          null,
          null,
          7,
          null,
          null,
          1,
          5,
          null,
          null,
          null,
          null,
          5,
          5,
          null,
          null,
          1,
          null,
          1,
          13,
          8,
          8,
          8,
          null,
          5,
          null,
          null,
          null,
          1,
          5,
          5,
          null,
          5,
          5,
          5,
          5,
          null,
          5,
          5,
          null,
          null,
          1,
          33,
          null,
          null,
          null,
          null,
          1,
          7,
          7,
          null,
          null,
          null,
          null,
          null,
          null,
          null,
          null,
          null,
          1,
          8,
          null,
          null,
          null,
          null,
          null,
          null,
          null,
          null,
          1,
          5,
          5,
          11,
          6,
          null,
          null,
          null,
          null,
          null,
          null,
          null,
          null,
          null,
          1,
          6,
          2,
          null,
          null,
          1,
          7,
          null,
          null,
          1,
          5,
          5,
          null,
          1,
          null,
          null,
          1,
          8,
          null,
          null,
          1,
          null,
          null,
          null,
          1,
          7,
          null,
          null,
          1,
          18,
          null,
          null,
          1,
          7,
          0,
          null,
          null
        ]
      },
      "/home/tronsit/projects/ticketing-portel/app/controllers/home_controller.rb": {
        "lines": [
          1,
          1,
          null,
          1,
          5,
          4,
          null,
          1,
          null,
          null,
          null
        ]
      },
      "/home/tronsit/projects/ticketing-portel/app/controllers/manager/dashboard_controller.rb": {
        "lines": [
          1,
          1,
          1,
          null,
          1,
          2,
          2,
          2,
          2,
          null,
          null,
          null
        ]
      },
      "/home/tronsit/projects/ticketing-portel/app/controllers/manager/users_controller.rb": {
        "lines": [
          1,
          1,
          1,
          1,
          null,
          1,
          null,
          1,
          8,
          8,
          8,
          1,
          1,
          null,
          null,
          8,
          8,
          8,
          8,
          8,
          8,
          null,
          null,
          1,
          1,
          null,
          null,
          1,
          2,
          null,
          2,
          2,
          null,
          null,
          2,
          1,
          null,
          1,
          1,
          1,
          null,
          null,
          null,
          1,
          3,
          3,
          3,
          3,
          3,
          null,
          3,
          3,
          null,
          null,
          1,
          null,
          1,
          3,
          2,
          null,
          1,
          1,
          null,
          null,
          null,
          1,
          0,
          0,
          null,
          null,
          1,
          1,
          1,
          null,
          null,
          1,
          1,
          1,
          null,
          null,
          1,
          1,
          1,
          null,
          null,
          1,
          null,
          1,
          7,
          null,
          null,
          1,
          2,
          null,
          null,
          1,
          3,
          null,
          null
        ]
      },
      "/home/tronsit/projects/ticketing-portel/app/controllers/password_reset_requests_controller.rb": {
        "lines": [
          1,
          1,
          1,
          null,
          1,
          null,
          1,
          4,
          4,
          null,
          4,
          2,
          3,
          null,
          null,
          null,
          null,
          null,
          null,
          null,
          null,
          4,
          null,
          null
        ]
      },
      "/home/tronsit/projects/ticketing-portel/app/controllers/termination_details_controller.rb": {
        "lines": [
          1,
          1,
          1,
          null,
          1,
          2,
          1,
          1,
          null,
          1,
          null,
          null,
          1,
          2,
          1,
          1,
          null,
          null,
          1,
          null,
          1,
          1,
          null,
          0,
          0,
          null,
          null,
          null,
          null,
          null,
          null,
          null,
          1,
          0,
          0,
          null,
          0,
          0,
          null,
          null,
          1,
          0,
          0,
          null,
          0,
          null,
          0,
          0,
          0,
          null,
          0,
          0,
          0,
          null,
          null,
          null,
          0,
          0,
          null,
          0,
          0,
          null,
          null,
          null,
          1,
          0,
          0,
          null,
          null,
          1,
          null,
          1,
          5,
          5,
          1,
          null,
          null,
          null,
          1,
          4,
          null,
          null,
          1,
          0,
          0,
          null,
          null,
          null,
          null,
          null,
          null,
          null,
          null,
          null,
          1,
          1,
          null,
          null,
          null,
          null,
          null,
          null
        ]
      },
      "/home/tronsit/projects/ticketing-portel/app/controllers/ticket_messages_controller.rb": {
        "lines": [
          1,
          1,
          1,
          null,
          1,
          11,
          7,
          null,
          4,
          null,
          null,
          11,
          11,
          null,
          11,
          null,
          null,
          null,
          null,
          null,
          null,
          null,
          11,
          11,
          4,
          null,
          null,
          null,
          7,
          4,
          null,
          null,
          null,
          null,
          11,
          null,
          0,
          null,
          null,
          null,
          1,
          null,
          1,
          12,
          null,
          null,
          1,
          12,
          1,
          null,
          null,
          null
        ]
      },
      "/home/tronsit/projects/ticketing-portel/app/controllers/ticket_notifications_controller.rb": {
        "lines": [
          1,
          1,
          3,
          null,
          null,
          1,
          6,
          5,
          null,
          5,
          2,
          3,
          2,
          null,
          1,
          null,
          null,
          null,
          1,
          2,
          2,
          null,
          null,
          1,
          4,
          null,
          null,
          1,
          null,
          1,
          2,
          null,
          null
        ]
      },
      "/home/tronsit/projects/ticketing-portel/app/controllers/users/sessions_controller.rb": {
        "lines": [
          null,
          null,
          1,
          1,
          null,
          1,
          0,
          null,
          null,
          null
        ]
      },
      "/home/tronsit/projects/ticketing-portel/app/controllers/users_controller.rb": {
        "lines": [
          1,
          1,
          1,
          null,
          1,
          null,
          1,
          2,
          2,
          2,
          2,
          0,
          0,
          null,
          2,
          null,
          null,
          1,
          3,
          2,
          2,
          2,
          2,
          null,
          2,
          2,
          null,
          null,
          null,
          1,
          1,
          null,
          null,
          1,
          2,
          2,
          1,
          null,
          1,
          1,
          null,
          null,
          null,
          1,
          null,
          1,
          1,
          1,
          null,
          0,
          0,
          null,
          null,
          null,
          1,
          1,
          1,
          null,
          null,
          1,
          1,
          1,
          null,
          null,
          1,
          1,
          1,
          null,
          null,
          1,
          null,
          1,
          7,
          null,
          null,
          1,
          2,
          null,
          null,
          null,
          null,
          null,
          1,
          1,
          null,
          null,
          null,
          null
        ]
      },
      "/home/tronsit/projects/ticketing-portel/app/channels/application_cable/channel.rb": {
        "lines": [
          0,
          0,
          0,
          0
        ],
        "branches": {}
      },
      "/home/tronsit/projects/ticketing-portel/app/channels/application_cable/connection.rb": {
        "lines": [
          0,
          0,
          0,
          null,
          0,
          0,
          0,
          null,
          0,
          null,
          0,
          0,
          0,
          0,
          0
        ],
        "branches": {}
      },
      "/home/tronsit/projects/ticketing-portel/app/controllers/agent/users_controller.rb": {
        "lines": [
          0,
          0,
          0,
          0,
          null,
          0,
          0,
          0,
          0,
          0,
          0,
          0,
          0,
          0,
          0,
          null,
          0,
          0,
          0,
          null,
          0,
          0,
          null,
          0,
          0,
          0,
          null,
          0,
          0,
          0,
          0,
          0,
          0,
          0,
          0,
          null,
          0,
          0,
          0,
          0,
          0,
          null,
          0,
          0,
          0,
          null,
          0,
          null,
          0,
          0,
          0,
          0,
          0,
          0,
          0,
          0,
          null,
          0,
          null,
          0,
          0,
          0,
          null,
          0,
          0,
          0,
          null,
          0,
          0,
          0,
          0
        ],
        "branches": {}
      },
      "/home/tronsit/projects/ticketing-portel/app/controllers/reports_controller.rb": {
        "lines": [
          0,
          null,
          0,
          0,
          0,
          null,
          0,
          0,
          0,
          0,
          null,
          0,
          0,
          0,
          0,
          0,
          null,
          0,
          null,
          0,
          0,
          0,
          0,
          0,
          null,
          0,
          null,
          0,
          0,
          0,
          0,
          0,
          0,
          null,
          0,
          0,
          0,
          0,
          null,
          0,
          0,
          0,
          0,
          0,
          0,
          0,
          0,
          0,
          0,
          0,
          0,
          0,
          0,
          0,
          0,
          0
        ],
        "branches": {}
      },
      "/home/tronsit/projects/ticketing-portel/app/jobs/application_job.rb": {
        "lines": [
          0,
          null,
          null,
          null,
          null,
          null,
          0
        ],
        "branches": {}
      },
      "/home/tronsit/projects/ticketing-portel/app/mailers/application_mailer.rb": {
        "lines": [
          0,
          0,
          0,
          0
        ],
        "branches": {}
      },
      "/home/tronsit/projects/ticketing-portel/lib/migrate/hiring_departure_parser.rb": {
        "lines": [
          0,
          0,
          0,
          null,
          0,
          0,
          0,
          0,
          0,
          0,
          0,
          null,
          0,
          0,
          0,
          0,
          null,
          0,
          0,
          null,
          0,
          0,
          null,
          0,
          0,
          null,
          0,
          0,
          0,
          0,
          0,
          0,
          0,
          0,
          0,
          0,
          0,
          null,
          0,
          0,
          0,
          0,
          null,
          0,
          0,
          0,
          0,
          0,
          0,
          0,
          0,
          0,
          0,
          null,
          0,
          null,
          0,
          0,
          0,
          null,
          0,
          0,
          0,
          0,
          0,
          0,
          null,
          0,
          0,
          0,
          0,
          0,
          0,
          0,
          0,
          0,
          0,
          0,
          0,
          0,
          0,
          0,
          0,
          0,
          0,
          0,
          0,
          0,
          0,
          0,
          0,
          0,
          0,
          0,
          0,
          0,
          0,
          0,
          0,
          0,
          0,
          0,
          0,
          0,
          0,
          0,
          0,
          0,
          0,
          0,
          0,
          0,
          0,
          0,
          0,
          0,
          0,
          0,
          0,
          0,
          0,
          0,
          0,
          0,
          null,
          0,
          0,
          0,
          0,
          0,
          0,
          0,
          0,
          0,
          0,
          0,
          null,
          0,
          null,
          0,
          0,
          0,
          0,
          0,
          0,
          0,
          0,
          null,
          0,
          0,
          0,
          0,
          0,
          0,
          0,
          0,
          null,
          0,
          0,
          0,
          0,
          0,
          0,
          0,
          0,
          0,
          0,
          0,
          null,
          0,
          0,
          0,
          null,
          0,
          0,
          0,
          0,
          0,
          0,
          0,
          null,
          0,
          0,
          null,
          0,
          0,
          null,
          0,
          0,
          0,
          null,
          0,
          0,
          null,
          0,
          0,
          0,
          0,
          null,
          0,
          0,
          0,
          null,
          0,
          0,
          0,
          0,
          0,
          0,
          0,
          0,
          0,
          null,
          0,
          0,
          0,
          0,
          0,
          0,
          0,
          0,
          null,
          0,
          0,
          0,
          0,
          0
        ],
        "branches": {}
      }
    },
    "timestamp": 1784750348
  }
}
